<?xml version="1.0" encoding="UTF-8"?>
<!-- Generated by org.testng.reporters.JUnitXMLReporter -->
<testsuite hostname="ADITI-TOSH" ignored="1" name="Login as Register User:: 02" tests="1" failures="0" timestamp="16 Oct 2018 11:23:55 GMT" time="68.262" errors="0">
  <testcase name="Login_med_max" time="35.872" classname="com.index.GeneralIndex"/>
  <testcase name="register_med_max" time="0.0" classname="com.index.GeneralIndex">
    <ignored/>
  </testcase> <!-- register_med_max -->
</testsuite> <!-- Login as Register User:: 02 -->
