<?xml version="1.0" encoding="UTF-8"?>
<!-- Generated by org.testng.reporters.JUnitXMLReporter -->
<testsuite hostname="ADITI-TOSH" ignored="1" name="Register as new User:: 01" tests="1" failures="0" timestamp="16 Oct 2018 11:22:47 GMT" time="102.42" errors="0">
  <testcase name="register_med_max" time="70.14" classname="com.index.GeneralIndex"/>
  <testcase name="Login_med_max" time="0.0" classname="com.index.GeneralIndex">
    <ignored/>
  </testcase> <!-- Login_med_max -->
</testsuite> <!-- Register as new User:: 01 -->
